2019-09-24T23:34:25.240119Z mysqld_safe Logging to '/home/rex/Desktop/Code/WordPress/Ytube/mysql/data/mysqld.log'.
2019-09-24T23:34:25.266339Z mysqld_safe Starting mysqld.bin daemon with databases from /home/rex/Desktop/Code/WordPress/Ytube/mysql/data
2019-09-24T23:34:25.530968Z 0 [Warning] [MY-011068] [Server] The syntax 'expire-logs-days' is deprecated and will be removed in a future release. Please use binlog_expire_logs_seconds instead.
2019-09-24T23:34:25.531055Z 0 [System] [MY-010116] [Server] /home/rex/Desktop/Code/WordPress/Ytube/mysql/bin/mysqld.bin (mysqld 8.0.16) starting as process 15068
2019-09-24T23:34:25.533010Z 0 [Warning] [MY-013242] [Server] --character-set-server: 'utf8' is currently an alias for the character set UTF8MB3, but will be an alias for UTF8MB4 in a future release. Please consider using UTF8MB4 in order to be unambiguous.
2019-09-24T23:34:25.533020Z 0 [Warning] [MY-013244] [Server] --collation-server: 'utf8_general_ci' is a collation of the deprecated character set UTF8MB3. Please consider using UTF8MB4 with an appropriate collation instead.
2019-09-24T23:34:26.029043Z 0 [Warning] [MY-010068] [Server] CA certificate ca.pem is self signed.
2019-09-24T23:34:26.053984Z 0 [System] [MY-010931] [Server] /home/rex/Desktop/Code/WordPress/Ytube/mysql/bin/mysqld.bin: ready for connections. Version: '8.0.16'  socket: '/home/rex/Desktop/Code/WordPress/Ytube/mysql/tmp/mysql.sock'  port: 3307  MySQL Community Server - GPL.
2019-09-24T23:34:27.135624Z 0 [ERROR] [MY-011292] [Server] Plugin mysqlx reported: 'Preparation of I/O interfaces failed, X Protocol won't be accessible'
2019-09-24T23:34:27.135713Z 0 [ERROR] [MY-011300] [Server] Plugin mysqlx reported: 'Setup of bind-address: '*' port: 33060 failed, `bind()` failed with error: Address already in use (98). Do you already have another mysqld server running with Mysqlx ?'
2019-09-24T23:34:27.135758Z 0 [ERROR] [MY-011300] [Server] Plugin mysqlx reported: 'Setup of socket: '/tmp/mysqlx.sock' failed, another process with PID 8162 is using UNIX socket file'
2019-09-24T23:36:11.809375Z 0 [System] [MY-010910] [Server] /home/rex/Desktop/Code/WordPress/Ytube/mysql/bin/mysqld.bin: Shutdown complete (mysqld 8.0.16)  MySQL Community Server - GPL.
2019-09-24T23:36:11.877729Z mysqld_safe mysqld from pid file /home/rex/Desktop/Code/WordPress/Ytube/mysql/data/mysqld.pid ended
2019-09-24T23:39:35.966608Z mysqld_safe Logging to '/home/rex/Desktop/Code/WordPress/Ytube/mysql/data/mysqld.log'.
2019-09-24T23:39:35.986703Z mysqld_safe Starting mysqld.bin daemon with databases from /home/rex/Desktop/Code/WordPress/Ytube/mysql/data
2019-09-24T23:39:36.244546Z 0 [Warning] [MY-011068] [Server] The syntax 'expire-logs-days' is deprecated and will be removed in a future release. Please use binlog_expire_logs_seconds instead.
2019-09-24T23:39:36.244632Z 0 [System] [MY-010116] [Server] /home/rex/Desktop/Code/WordPress/Ytube/mysql/bin/mysqld.bin (mysqld 8.0.16) starting as process 16476
2019-09-24T23:39:36.246528Z 0 [Warning] [MY-013242] [Server] --character-set-server: 'utf8' is currently an alias for the character set UTF8MB3, but will be an alias for UTF8MB4 in a future release. Please consider using UTF8MB4 in order to be unambiguous.
2019-09-24T23:39:36.246538Z 0 [Warning] [MY-013244] [Server] --collation-server: 'utf8_general_ci' is a collation of the deprecated character set UTF8MB3. Please consider using UTF8MB4 with an appropriate collation instead.
2019-09-24T23:39:36.671849Z 0 [Warning] [MY-010068] [Server] CA certificate ca.pem is self signed.
2019-09-24T23:39:36.688783Z 0 [System] [MY-010931] [Server] /home/rex/Desktop/Code/WordPress/Ytube/mysql/bin/mysqld.bin: ready for connections. Version: '8.0.16'  socket: '/home/rex/Desktop/Code/WordPress/Ytube/mysql/tmp/mysql.sock'  port: 3307  MySQL Community Server - GPL.
2019-09-24T23:39:37.883674Z 0 [ERROR] [MY-011292] [Server] Plugin mysqlx reported: 'Preparation of I/O interfaces failed, X Protocol won't be accessible'
2019-09-24T23:39:37.883785Z 0 [ERROR] [MY-011300] [Server] Plugin mysqlx reported: 'Setup of bind-address: '*' port: 33060 failed, `bind()` failed with error: Address already in use (98). Do you already have another mysqld server running with Mysqlx ?'
2019-09-24T23:39:37.883869Z 0 [ERROR] [MY-011300] [Server] Plugin mysqlx reported: 'Setup of socket: '/tmp/mysqlx.sock' failed, another process with PID 8162 is using UNIX socket file'
2019-09-24T23:59:39.716392Z 0 [System] [MY-010910] [Server] /home/rex/Desktop/Code/WordPress/Ytube/mysql/bin/mysqld.bin: Shutdown complete (mysqld 8.0.16)  MySQL Community Server - GPL.
2019-09-24T23:59:39.781701Z mysqld_safe mysqld from pid file /home/rex/Desktop/Code/WordPress/Ytube/mysql/data/mysqld.pid ended
2019-09-25T01:03:30.585633Z mysqld_safe Logging to '/home/rex/Desktop/Code/WordPress/Ytube/mysql/data/mysqld.log'.
2019-09-25T01:03:30.607546Z mysqld_safe Starting mysqld.bin daemon with databases from /home/rex/Desktop/Code/WordPress/Ytube/mysql/data
2019-09-25T01:03:30.965448Z 0 [Warning] [MY-011068] [Server] The syntax 'expire-logs-days' is deprecated and will be removed in a future release. Please use binlog_expire_logs_seconds instead.
2019-09-25T01:03:30.966887Z 0 [System] [MY-010116] [Server] /home/rex/Desktop/Code/WordPress/Ytube/mysql/bin/mysqld.bin (mysqld 8.0.16) starting as process 2897
2019-09-25T01:03:30.975254Z 0 [Warning] [MY-013242] [Server] --character-set-server: 'utf8' is currently an alias for the character set UTF8MB3, but will be an alias for UTF8MB4 in a future release. Please consider using UTF8MB4 in order to be unambiguous.
2019-09-25T01:03:30.975271Z 0 [Warning] [MY-013244] [Server] --collation-server: 'utf8_general_ci' is a collation of the deprecated character set UTF8MB3. Please consider using UTF8MB4 with an appropriate collation instead.
2019-09-25T01:03:31.587925Z 0 [Warning] [MY-010068] [Server] CA certificate ca.pem is self signed.
2019-09-25T01:03:31.611110Z 0 [System] [MY-010931] [Server] /home/rex/Desktop/Code/WordPress/Ytube/mysql/bin/mysqld.bin: ready for connections. Version: '8.0.16'  socket: '/home/rex/Desktop/Code/WordPress/Ytube/mysql/tmp/mysql.sock'  port: 3307  MySQL Community Server - GPL.
2019-09-25T01:03:31.748522Z 0 [System] [MY-011323] [Server] X Plugin ready for connections. Socket: '/tmp/mysqlx.sock' bind-address: '::' port: 33060

Status information:

Current dir: /home/rex/Desktop/Code/WordPress/Ytube/mysql/data/
Running threads: 1  Stack size: 286720
Current locks:
lock: 0x38a1740:

lock: 0x38a1140:

lock: 0x38a1a40:

lock: 0x38a1040:

lock: 0x38a0f40:

lock: 0x38a0e40:

lock: 0x38a0d40:

lock: 0x38a0c40:

lock: 0x38a0b40:

lock: 0x38a0a40:

lock: 0x38a0940:

lock: 0x38a0840:

lock: 0x38a1940:

lock: 0x389cd40:

lock: 0x38a2600:

lock: 0x38a2840:

lock: 0x38a2720:

lock: 0x38a2500:

lock: 0x38a23e0:

lock: 0x38a22c0:

lock: 0x38a21a0:

lock: 0x38a2080:

lock: 0x38a1f60:

lock: 0x38a1e60:

lock: 0x38a1d40:

lock: 0x389f040:

lock: 0x389ef40:

lock: 0x389ee40:

lock: 0x38a1240:

lock: 0x389f640:

lock: 0x389f540:

lock: 0x389f440:

lock: 0x389f340:

lock: 0x389f240:

lock: 0x389f140:

lock: 0x38a1c40:

lock: 0x38a1b40:

lock: 0x389fb40:

lock: 0x389fa40:

lock: 0x389f940:

lock: 0x389fd40:

lock: 0x389c140:

lock: 0x38a1840:

lock: 0x389da40:

lock: 0x389d940:

lock: 0x389d640:

lock: 0x389d740:

lock: 0x389d840:

lock: 0x389d540:

lock: 0x389d240:

lock: 0x389d440:

lock: 0x389d140:

lock: 0x389d340:

lock: 0x389e140:

lock: 0x389e240:

lock: 0x389e340:

lock: 0x389c840:

lock: 0x389c740:

lock: 0x389cc40:

lock: 0x389cb40:

lock: 0x389d040:

lock: 0x389ca40:

lock: 0x389cf40:

lock: 0x389c940:

lock: 0x389ce40:

lock: 0x389de40:

lock: 0x389df40:

lock: 0x389e040:

lock: 0x389c640:

lock: 0x389c340:

lock: 0x389c540:

lock: 0x389c240:

lock: 0x389c440:

lock: 0x389db40:

lock: 0x389dc40:

lock: 0x389dd40:

lock: 0x38a1340:

lock: 0x38a1640:

lock: 0x38a1540:

lock: 0x38a1440:

lock: 0x38a0440:

lock: 0x38a0340:

lock: 0x38a0240:

lock: 0x38a0140:

lock: 0x38a0040:

lock: 0x38a0640:

lock: 0x389ff40:

lock: 0x389fe40:

lock: 0x38a0740:

lock: 0x389fc40:

lock: 0x389f740:

lock: 0x389f840:

lock: 0x389ed40:

lock: 0x389ec40:

lock: 0x389e840:

lock: 0x389eb40:

lock: 0x389ea40:

lock: 0x389e740:

lock: 0x389e940:

lock: 0x389e440:


Key caches:
default
Buffer_size:       8388608
Block_size:           1024
Division_limit:        100
Age_limit:             300
blocks used:             0
not flushed:             0
w_requests:              0
writes:                  0
r_requests:              0
reads:                   0


handler status:
read_key:         2811
read_next:        5350
read_rnd            74
read_first:        192
write:              79
delete               5
update:            342

Table status:
Opened tables:        340
Open tables:          244
Open files:             2
Open streams:           0

Memory status:
<malloc version="1">
<heap nr="0">
<sizes>
							        <size from="17" to="32" total="64" count="2"/>
							        <size from="33" to="48" total="48" count="1"/>
							        <size from="33" to="33" total="2112" count="64"/>
							        <size from="65" to="65" total="2275" count="35"/>
							        <size from="81" to="81" total="1215" count="15"/>
							        <size from="97" to="97" total="3783" count="39"/>
							        <size from="113" to="113" total="565" count="5"/>
							        <size from="145" to="145" total="725" count="5"/>
							        <size from="161" to="161" total="805" count="5"/>
							        <size from="177" to="177" total="354" count="2"/>
							        <size from="209" to="209" total="209" count="1"/>
							        <size from="321" to="321" total="642" count="2"/>
							        <size from="401" to="401" total="401" count="1"/>
							        <size from="433" to="433" total="433" count="1"/>
							        <size from="449" to="449" total="449" count="1"/>
							        <size from="465" to="465" total="465" count="1"/>
							        <size from="481" to="481" total="481" count="1"/>
							        <size from="497" to="497" total="994" count="2"/>
							        <size from="529" to="529" total="529" count="1"/>
							        <size from="545" to="545" total="1090" count="2"/>
							        <size from="577" to="577" total="577" count="1"/>
							        <size from="625" to="625" total="625" count="1"/>
							        <size from="801" to="801" total="4005" count="5"/>
							        <size from="929" to="929" total="929" count="1"/>
							        <size from="961" to="961" total="961" count="1"/>
							        <size from="2545" to="2545" total="2545" count="1"/>
							        <size from="2641" to="2641" total="15846" count="6"/>
							        <size from="2705" to="2705" total="2705" count="1"/>
							        <size from="2753" to="2753" total="2753" count="1"/>
							        <size from="3361" to="3521" total="6882" count="2"/>
							        <size from="5281" to="5361" total="10642" count="2"/>
							        <size from="5665" to="5665" total="5665" count="1"/>
							        <size from="6481" to="6481" total="6481" count="1"/>
							        <size from="8001" to="8001" total="8001" count="1"/>
							        <size from="11233" to="11233" total="11233" count="1"/>
							        <size from="12337" to="12337" total="12337" count="1"/>
  <unsorted from="65" to="65" total="65" count="1"/>
</sizes>
<total type="fast" count="3" size="112"/>
<total type="rest" count="211" size="109779"/>
<system type="current" size="6418432"/>
<system type="max" size="6418432"/>
<aspace type="total" size="6418432"/>
<aspace type="mprotect" size="6418432"/>
</heap>
<heap nr="1">
<sizes>
							        <size from="49" to="64" total="64" count="1"/>
							        <size from="113" to="128" total="640" count="5"/>
							        <size from="33" to="33" total="495" count="15"/>
							        <size from="49" to="49" total="245" count="5"/>
							        <size from="65" to="65" total="520" count="8"/>
							        <size from="81" to="81" total="162" count="2"/>
							        <size from="97" to="97" total="291" count="3"/>
							        <size from="113" to="113" total="452" count="4"/>
							        <size from="129" to="129" total="774" count="6"/>
							        <size from="193" to="193" total="193" count="1"/>
							        <size from="305" to="305" total="305" count="1"/>
							        <size from="1073" to="1073" total="1073" count="1"/>
							        <size from="2241" to="2241" total="2241" count="1"/>
							        <size from="4145" to="4145" total="4145" count="1"/>
							        <size from="16353" to="16353" total="16353" count="1"/>
							        <size from="16433" to="16433" total="16433" count="1"/>
							        <size from="86209" to="86209" total="86209" count="1"/>
							        <size from="178721" to="178721" total="178721" count="1"/>
  <unsorted from="273" to="12033" total="27794" count="34"/>
</sizes>
<total type="fast" count="6" size="704"/>
<total type="rest" count="86" size="336406"/>
<system type="current" size="3256320"/>
<system type="max" size="3256320"/>
<aspace type="total" size="3256320"/>
<aspace type="mprotect" size="3256320"/>
<aspace type="subheaps" size="1"/>
</heap>
<heap nr="2">
<sizes>
							        <size from="33" to="48" total="48" count="1"/>
							        <size from="49" to="64" total="128" count="2"/>
							        <size from="65" to="80" total="80" count="1"/>
							        <size from="81" to="96" total="96" count="1"/>
							        <size from="97" to="112" total="112" count="1"/>
							        <size from="113" to="128" total="768" count="6"/>
							        <size from="33" to="33" total="297" count="9"/>
							        <size from="49" to="49" total="98" count="2"/>
							        <size from="65" to="65" total="650" count="10"/>
							        <size from="81" to="81" total="81" count="1"/>
							        <size from="97" to="97" total="679" count="7"/>
							        <size from="113" to="113" total="113" count="1"/>
							        <size from="129" to="129" total="129" count="1"/>
							        <size from="145" to="145" total="145" count="1"/>
							        <size from="289" to="289" total="289" count="1"/>
							        <size from="321" to="321" total="321" count="1"/>
							        <size from="8241" to="8241" total="8241" count="1"/>
							        <size from="16433" to="16433" total="16433" count="1"/>
							        <size from="21505" to="21505" total="21505" count="1"/>
							        <size from="32961" to="32961" total="32961" count="1"/>
							        <size from="93361" to="93361" total="93361" count="1"/>
							        <size from="103777" to="103777" total="103777" count="1"/>
							        <size from="158385" to="158385" total="158385" count="1"/>
  <unsorted from="401" to="12033" total="31905" count="33"/>
</sizes>
<total type="fast" count="12" size="1232"/>
<total type="rest" count="74" size="469370"/>
<system type="current" size="15196160"/>
<system type="max" size="15196160"/>
<aspace type="total" size="15196160"/>
<aspace type="mprotect" size="15196160"/>
<aspace type="subheaps" size="1"/>
</heap>
<heap nr="3">
<sizes>
</sizes>
<total type="fast" count="0" size="0"/>
<total type="rest" count="0" size="0"/>
<system type="current" size="135168"/>
<system type="max" size="135168"/>
<aspace type="total" size="135168"/>
<aspace type="mprotect" size="135168"/>
<aspace type="subheaps" size="1"/>
</heap>
<heap nr="4">
<sizes>
</sizes>
<total type="fast" count="0" size="0"/>
<total type="rest" count="0" size="0"/>
<system type="current" size="135168"/>
<system type="max" size="135168"/>
<aspace type="total" size="135168"/>
<aspace type="mprotect" size="135168"/>
<aspace type="subheaps" size="1"/>
</heap>
<heap nr="5">
<sizes>
</sizes>
<total type="fast" count="0" size="0"/>
<total type="rest" count="0" size="0"/>
<system type="current" size="135168"/>
<system type="max" size="135168"/>
<aspace type="total" size="135168"/>
<aspace type="mprotect" size="135168"/>
<aspace type="subheaps" size="1"/>
</heap>
<heap nr="6">
<sizes>
</sizes>
<total type="fast" count="0" size="0"/>
<total type="rest" count="0" size="0"/>
<system type="current" size="135168"/>
<system type="max" size="135168"/>
<aspace type="total" size="135168"/>
<aspace type="mprotect" size="135168"/>
<aspace type="subheaps" size="1"/>
</heap>
<heap nr="7">
<sizes>
</sizes>
<total type="fast" count="0" size="0"/>
<total type="rest" count="0" size="0"/>
<system type="current" size="151552"/>
<system type="max" size="151552"/>
<aspace type="total" size="151552"/>
<aspace type="mprotect" size="151552"/>
<aspace type="subheaps" size="1"/>
</heap>
<heap nr="8">
<sizes>
							        <size from="33" to="48" total="336" count="7"/>
							        <size from="49" to="64" total="512" count="8"/>
							        <size from="81" to="96" total="96" count="1"/>
  <unsorted from="401" to="2721" total="3923" count="3"/>
</sizes>
<total type="fast" count="16" size="944"/>
<total type="rest" count="3" size="3923"/>
<system type="current" size="135168"/>
<system type="max" size="135168"/>
<aspace type="total" size="135168"/>
<aspace type="mprotect" size="135168"/>
<aspace type="subheaps" size="1"/>
</heap>
<heap nr="9">
<sizes>
</sizes>
<total type="fast" count="0" size="0"/>
<total type="rest" count="0" size="0"/>
<system type="current" size="135168"/>
<system type="max" size="135168"/>
<aspace type="total" size="135168"/>
<aspace type="mprotect" size="135168"/>
<aspace type="subheaps" size="1"/>
</heap>
<heap nr="10">
<sizes>
</sizes>
<total type="fast" count="0" size="0"/>
<total type="rest" count="0" size="0"/>
<system type="current" size="135168"/>
<system type="max" size="135168"/>
<aspace type="total" size="135168"/>
<aspace type="mprotect" size="135168"/>
<aspace type="subheaps" size="1"/>
</heap>
<heap nr="11">
<sizes>
							        <size from="513" to="513" total="513" count="1"/>
</sizes>
<total type="fast" count="0" size="0"/>
<total type="rest" count="1" size="513"/>
<system type="current" size="135168"/>
<system type="max" size="135168"/>
<aspace type="total" size="135168"/>
<aspace type="mprotect" size="135168"/>
<aspace type="subheaps" size="1"/>
</heap>
<heap nr="12">
<sizes>
							        <size from="193" to="193" total="193" count="1"/>
							        <size from="8529" to="8529" total="8529" count="1"/>
							        <size from="30305" to="30305" total="30305" count="1"/>
							        <size from="936177" to="936177" total="936177" count="1"/>
  <unsorted from="1249" to="1249" total="1249" count="1"/>
</sizes>
<total type="fast" count="0" size="0"/>
<total type="rest" count="5" size="976453"/>
<system type="current" size="2236416"/>
<system type="max" size="2236416"/>
<aspace type="total" size="2236416"/>
<aspace type="mprotect" size="2236416"/>
<aspace type="subheaps" size="1"/>
</heap>
<heap nr="13">
<sizes>
</sizes>
<total type="fast" count="0" size="0"/>
<total type="rest" count="0" size="0"/>
<system type="current" size="135168"/>
<system type="max" size="135168"/>
<aspace type="total" size="135168"/>
<aspace type="mprotect" size="135168"/>
<aspace type="subheaps" size="1"/>
</heap>
<heap nr="14">
<sizes>
</sizes>
<total type="fast" count="0" size="0"/>
<total type="rest" count="0" size="0"/>
<system type="current" size="135168"/>
<system type="max" size="135168"/>
<aspace type="total" size="135168"/>
<aspace type="mprotect" size="135168"/>
<aspace type="subheaps" size="1"/>
</heap>
<heap nr="15">
<sizes>
							        <size from="17" to="32" total="128" count="4"/>
							        <size from="33" to="48" total="336" count="7"/>
							        <size from="49" to="64" total="384" count="6"/>
							        <size from="65" to="80" total="80" count="1"/>
							        <size from="81" to="96" total="96" count="1"/>
							        <size from="113" to="128" total="640" count="5"/>
							        <size from="801" to="801" total="801" count="1"/>
							        <size from="961" to="961" total="961" count="1"/>
							        <size from="1073" to="1073" total="2146" count="2"/>
							        <size from="2001" to="2001" total="2001" count="1"/>
							        <size from="2801" to="2801" total="2801" count="1"/>
							        <size from="5937" to="5937" total="5937" count="1"/>
							        <size from="15057" to="15057" total="15057" count="1"/>
  <unsorted from="225" to="241" total="466" count="2"/>
</sizes>
<total type="fast" count="24" size="1664"/>
<total type="rest" count="10" size="30170"/>
<system type="current" size="135168"/>
<system type="max" size="135168"/>
<aspace type="total" size="135168"/>
<aspace type="mprotect" size="135168"/>
<aspace type="subheaps" size="1"/>
</heap>
<heap nr="16">
<sizes>
</sizes>
<total type="fast" count="0" size="0"/>
<total type="rest" count="0" size="0"/>
<system type="current" size="135168"/>
<system type="max" size="135168"/>
<aspace type="total" size="135168"/>
<aspace type="mprotect" size="135168"/>
<aspace type="subheaps" size="1"/>
</heap>
<heap nr="17">
<sizes>
</sizes>
<total type="fast" count="0" size="0"/>
<total type="rest" count="0" size="0"/>
<system type="current" size="135168"/>
<system type="max" size="135168"/>
<aspace type="total" size="135168"/>
<aspace type="mprotect" size="135168"/>
<aspace type="subheaps" size="1"/>
</heap>
<heap nr="18">
<sizes>
							        <size from="33" to="48" total="480" count="10"/>
							        <size from="49" to="64" total="768" count="12"/>
							        <size from="65" to="80" total="160" count="2"/>
							        <size from="81" to="96" total="96" count="1"/>
  <unsorted from="145" to="7265" total="12691" count="3"/>
</sizes>
<total type="fast" count="25" size="1504"/>
<total type="rest" count="3" size="12691"/>
<system type="current" size="135168"/>
<system type="max" size="135168"/>
<aspace type="total" size="135168"/>
<aspace type="mprotect" size="135168"/>
<aspace type="subheaps" size="1"/>
</heap>
<heap nr="19">
<sizes>
</sizes>
<total type="fast" count="0" size="0"/>
<total type="rest" count="0" size="0"/>
<system type="current" size="135168"/>
<system type="max" size="135168"/>
<aspace type="total" size="135168"/>
<aspace type="mprotect" size="135168"/>
<aspace type="subheaps" size="1"/>
</heap>
<heap nr="20">
<sizes>
  <unsorted from="13761" to="13761" total="13761" count="1"/>
</sizes>
<total type="fast" count="0" size="0"/>
<total type="rest" count="1" size="13761"/>
<system type="current" size="3637248"/>
<system type="max" size="3637248"/>
<aspace type="total" size="3637248"/>
<aspace type="mprotect" size="3637248"/>
<aspace type="subheaps" size="1"/>
</heap>
<heap nr="21">
<sizes>
							        <size from="17" to="32" total="64" count="2"/>
							        <size from="33" to="48" total="10704" count="223"/>
							        <size from="49" to="64" total="16640" count="260"/>
							        <size from="65" to="80" total="8560" count="107"/>
							        <size from="81" to="96" total="3840" count="40"/>
							        <size from="97" to="112" total="1008" count="9"/>
							        <size from="113" to="128" total="3840" count="30"/>
							        <size from="33" to="33" total="1782" count="54"/>
							        <size from="49" to="49" total="98" count="2"/>
							        <size from="81" to="81" total="9477" count="117"/>
							        <size from="97" to="97" total="4171" count="43"/>
							        <size from="113" to="113" total="1130" count="10"/>
							        <size from="129" to="129" total="516" count="4"/>
							        <size from="145" to="145" total="290" count="2"/>
							        <size from="161" to="161" total="3059" count="19"/>
							        <size from="177" to="177" total="1416" count="8"/>
							        <size from="193" to="193" total="1158" count="6"/>
							        <size from="209" to="209" total="1254" count="6"/>
							        <size from="225" to="225" total="450" count="2"/>
							        <size from="241" to="241" total="2410" count="10"/>
							        <size from="257" to="257" total="514" count="2"/>
							        <size from="273" to="273" total="1911" count="7"/>
							        <size from="321" to="321" total="1926" count="6"/>
							        <size from="337" to="337" total="674" count="2"/>
							        <size from="353" to="353" total="1412" count="4"/>
							        <size from="369" to="369" total="1107" count="3"/>
							        <size from="401" to="401" total="3208" count="8"/>
							        <size from="417" to="417" total="834" count="2"/>
							        <size from="449" to="449" total="449" count="1"/>
							        <size from="481" to="481" total="481" count="1"/>
							        <size from="497" to="497" total="497" count="1"/>
							        <size from="577" to="577" total="1731" count="3"/>
							        <size from="705" to="705" total="705" count="1"/>
							        <size from="817" to="817" total="17157" count="21"/>
							        <size from="833" to="833" total="4165" count="5"/>
							        <size from="897" to="897" total="8970" count="10"/>
							        <size from="929" to="929" total="929" count="1"/>
							        <size from="945" to="945" total="9450" count="10"/>
							        <size from="961" to="961" total="25947" count="27"/>
							        <size from="977" to="977" total="6839" count="7"/>
							        <size from="993" to="993" total="3972" count="4"/>
							        <size from="1009" to="1009" total="168503" count="167"/>
							        <size from="1025" to="1057" total="25224" count="24"/>
							        <size from="1121" to="1137" total="7943" count="7"/>
							        <size from="1153" to="1201" total="15245" count="13"/>
							        <size from="1217" to="1233" total="3667" count="3"/>
							        <size from="1281" to="1313" total="7718" count="6"/>
							        <size from="1345" to="1377" total="4067" count="3"/>
							        <size from="1473" to="1473" total="1473" count="1"/>
							        <size from="1569" to="1569" total="1569" count="1"/>
							        <size from="1617" to="1617" total="1617" count="1"/>
							        <size from="2337" to="2337" total="2337" count="1"/>
							        <size from="4529" to="4529" total="4529" count="1"/>
							        <size from="6769" to="6769" total="6769" count="1"/>
							        <size from="9921" to="9921" total="9921" count="1"/>
							        <size from="13425" to="16161" total="29586" count="2"/>
							        <size from="16561" to="20113" total="91541" count="5"/>
							        <size from="21361" to="22865" total="44226" count="2"/>
							        <size from="24609" to="26273" total="100676" count="4"/>
							        <size from="29345" to="30801" total="90275" count="3"/>
							        <size from="35249" to="35249" total="35249" count="1"/>
							        <size from="43041" to="61217" total="104258" count="2"/>
  <unsorted from="33" to="95169" total="3524289" count="2481"/>
</sizes>
<total type="fast" count="671" size="44656"/>
<total type="rest" count="3139" size="4400771"/>
<system type="current" size="13742080"/>
<system type="max" size="13742080"/>
<aspace type="total" size="13742080"/>
<aspace type="mprotect" size="13742080"/>
<aspace type="subheaps" size="1"/>
</heap>
<total type="fast" count="757" size="50816"/>
<total type="rest" count="3533" size="6353837"/>
<total type="mmap" count="711" size="352555008"/>
<system type="current" size="46665728"/>
<system type="max" size="46665728"/>
<aspace type="total" size="46665728"/>
<aspace type="mprotect" size="46665728"/>
</malloc>



Events status:
LLA = Last Locked At  LUA = Last Unlocked At
WOC = Waiting On Condition  DL = Data Locked

Event scheduler status:
State      : RUNNING
Thread id  : 4
LLA        : is_running:651
LUA        : is_running:653
WOC        : NO
Workers    : 0
Executed   : 0
Data locked: NO

Event queue status:
Element count   : 0
Data locked     : NO
Attempting lock : NO
LLA             : get_top_for_execution_if_time:546
LUA             : get_top_for_execution_if_time:565
WOC             : YES
Next activation : never
2019-09-25T02:49:11.021142Z 0 [System] [MY-010910] [Server] /home/rex/Desktop/Code/WordPress/Ytube/mysql/bin/mysqld.bin: Shutdown complete (mysqld 8.0.16)  MySQL Community Server - GPL.
2019-09-25T02:49:11.075047Z mysqld_safe mysqld from pid file /home/rex/Desktop/Code/WordPress/Ytube/mysql/data/mysqld.pid ended
2019-10-01T23:23:39.092892Z mysqld_safe Logging to '/home/rex/Desktop/Code/WordPress/Ytube/mysql/data/mysqld.log'.
2019-10-01T23:23:39.118884Z mysqld_safe Starting mysqld.bin daemon with databases from /home/rex/Desktop/Code/WordPress/Ytube/mysql/data
2019-10-01T23:23:39.496376Z 0 [Warning] [MY-011068] [Server] The syntax 'expire-logs-days' is deprecated and will be removed in a future release. Please use binlog_expire_logs_seconds instead.
2019-10-01T23:23:39.497874Z 0 [System] [MY-010116] [Server] /home/rex/Desktop/Code/WordPress/Ytube/mysql/bin/mysqld.bin (mysqld 8.0.16) starting as process 30647
2019-10-01T23:23:39.507163Z 0 [Warning] [MY-013242] [Server] --character-set-server: 'utf8' is currently an alias for the character set UTF8MB3, but will be an alias for UTF8MB4 in a future release. Please consider using UTF8MB4 in order to be unambiguous.
2019-10-01T23:23:39.507180Z 0 [Warning] [MY-013244] [Server] --collation-server: 'utf8_general_ci' is a collation of the deprecated character set UTF8MB3. Please consider using UTF8MB4 with an appropriate collation instead.
2019-10-01T23:23:40.077240Z 0 [Warning] [MY-010068] [Server] CA certificate ca.pem is self signed.
2019-10-01T23:23:40.106115Z 0 [System] [MY-010931] [Server] /home/rex/Desktop/Code/WordPress/Ytube/mysql/bin/mysqld.bin: ready for connections. Version: '8.0.16'  socket: '/home/rex/Desktop/Code/WordPress/Ytube/mysql/tmp/mysql.sock'  port: 3307  MySQL Community Server - GPL.
2019-10-01T23:23:40.286645Z 0 [System] [MY-011323] [Server] X Plugin ready for connections. Socket: '/tmp/mysqlx.sock' bind-address: '::' port: 33060
2019-10-02T02:34:17.014261Z 0 [System] [MY-010910] [Server] /home/rex/Desktop/Code/WordPress/Ytube/mysql/bin/mysqld.bin: Shutdown complete (mysqld 8.0.16)  MySQL Community Server - GPL.
2019-10-02T02:34:17.078111Z mysqld_safe mysqld from pid file /home/rex/Desktop/Code/WordPress/Ytube/mysql/data/mysqld.pid ended
2019-10-02T03:09:08.726076Z mysqld_safe Logging to '/home/rex/Desktop/Code/WordPress/Ytube/mysql/data/mysqld.log'.
2019-10-02T03:09:08.752876Z mysqld_safe Starting mysqld.bin daemon with databases from /home/rex/Desktop/Code/WordPress/Ytube/mysql/data
2019-10-02T03:09:09.121693Z 0 [Warning] [MY-011068] [Server] The syntax 'expire-logs-days' is deprecated and will be removed in a future release. Please use binlog_expire_logs_seconds instead.
2019-10-02T03:09:09.123167Z 0 [System] [MY-010116] [Server] /home/rex/Desktop/Code/WordPress/Ytube/mysql/bin/mysqld.bin (mysqld 8.0.16) starting as process 3523
2019-10-02T03:09:09.132866Z 0 [Warning] [MY-013242] [Server] --character-set-server: 'utf8' is currently an alias for the character set UTF8MB3, but will be an alias for UTF8MB4 in a future release. Please consider using UTF8MB4 in order to be unambiguous.
2019-10-02T03:09:09.132882Z 0 [Warning] [MY-013244] [Server] --collation-server: 'utf8_general_ci' is a collation of the deprecated character set UTF8MB3. Please consider using UTF8MB4 with an appropriate collation instead.
2019-10-02T03:09:09.708119Z 0 [Warning] [MY-010068] [Server] CA certificate ca.pem is self signed.
2019-10-02T03:09:09.732854Z 0 [System] [MY-010931] [Server] /home/rex/Desktop/Code/WordPress/Ytube/mysql/bin/mysqld.bin: ready for connections. Version: '8.0.16'  socket: '/home/rex/Desktop/Code/WordPress/Ytube/mysql/tmp/mysql.sock'  port: 3307  MySQL Community Server - GPL.
2019-10-02T03:09:09.915161Z 0 [System] [MY-011323] [Server] X Plugin ready for connections. Socket: '/tmp/mysqlx.sock' bind-address: '::' port: 33060
2019-10-02T03:09:38.391383Z 0 [System] [MY-010910] [Server] /home/rex/Desktop/Code/WordPress/Ytube/mysql/bin/mysqld.bin: Shutdown complete (mysqld 8.0.16)  MySQL Community Server - GPL.
2019-10-02T03:09:38.449589Z mysqld_safe mysqld from pid file /home/rex/Desktop/Code/WordPress/Ytube/mysql/data/mysqld.pid ended
2019-10-02T03:11:00.026403Z mysqld_safe Logging to '/home/rex/Desktop/Code/WordPress/Ytube/mysql/data/mysqld.log'.
2019-10-02T03:11:00.047743Z mysqld_safe Starting mysqld.bin daemon with databases from /home/rex/Desktop/Code/WordPress/Ytube/mysql/data
2019-10-02T03:11:00.302289Z 0 [Warning] [MY-011068] [Server] The syntax 'expire-logs-days' is deprecated and will be removed in a future release. Please use binlog_expire_logs_seconds instead.
2019-10-02T03:11:00.302375Z 0 [System] [MY-010116] [Server] /home/rex/Desktop/Code/WordPress/Ytube/mysql/bin/mysqld.bin (mysqld 8.0.16) starting as process 5636
2019-10-02T03:11:00.304380Z 0 [Warning] [MY-013242] [Server] --character-set-server: 'utf8' is currently an alias for the character set UTF8MB3, but will be an alias for UTF8MB4 in a future release. Please consider using UTF8MB4 in order to be unambiguous.
2019-10-02T03:11:00.304392Z 0 [Warning] [MY-013244] [Server] --collation-server: 'utf8_general_ci' is a collation of the deprecated character set UTF8MB3. Please consider using UTF8MB4 with an appropriate collation instead.
2019-10-02T03:11:00.793920Z 0 [Warning] [MY-010068] [Server] CA certificate ca.pem is self signed.
2019-10-02T03:11:00.811244Z 0 [System] [MY-010931] [Server] /home/rex/Desktop/Code/WordPress/Ytube/mysql/bin/mysqld.bin: ready for connections. Version: '8.0.16'  socket: '/home/rex/Desktop/Code/WordPress/Ytube/mysql/tmp/mysql.sock'  port: 3307  MySQL Community Server - GPL.
2019-10-02T03:11:01.015904Z 0 [System] [MY-011323] [Server] X Plugin ready for connections. Socket: '/tmp/mysqlx.sock' bind-address: '::' port: 33060
2019-10-02T03:55:36.377811Z 0 [System] [MY-010910] [Server] /home/rex/Desktop/Code/WordPress/Ytube/mysql/bin/mysqld.bin: Shutdown complete (mysqld 8.0.16)  MySQL Community Server - GPL.
2019-10-02T03:55:36.430540Z mysqld_safe mysqld from pid file /home/rex/Desktop/Code/WordPress/Ytube/mysql/data/mysqld.pid ended
2019-10-03T23:11:01.618804Z mysqld_safe Logging to '/home/rex/Desktop/Code/WordPress/Ytube/mysql/data/mysqld.log'.
2019-10-03T23:11:01.647470Z mysqld_safe Starting mysqld.bin daemon with databases from /home/rex/Desktop/Code/WordPress/Ytube/mysql/data
2019-10-03T23:11:02.007735Z 0 [Warning] [MY-011068] [Server] The syntax 'expire-logs-days' is deprecated and will be removed in a future release. Please use binlog_expire_logs_seconds instead.
2019-10-03T23:11:02.009140Z 0 [System] [MY-010116] [Server] /home/rex/Desktop/Code/WordPress/Ytube/mysql/bin/mysqld.bin (mysqld 8.0.16) starting as process 16113
2019-10-03T23:11:02.017302Z 0 [Warning] [MY-013242] [Server] --character-set-server: 'utf8' is currently an alias for the character set UTF8MB3, but will be an alias for UTF8MB4 in a future release. Please consider using UTF8MB4 in order to be unambiguous.
2019-10-03T23:11:02.017318Z 0 [Warning] [MY-013244] [Server] --collation-server: 'utf8_general_ci' is a collation of the deprecated character set UTF8MB3. Please consider using UTF8MB4 with an appropriate collation instead.
2019-10-03T23:11:02.586683Z 0 [Warning] [MY-010068] [Server] CA certificate ca.pem is self signed.
2019-10-03T23:11:02.610444Z 0 [System] [MY-010931] [Server] /home/rex/Desktop/Code/WordPress/Ytube/mysql/bin/mysqld.bin: ready for connections. Version: '8.0.16'  socket: '/home/rex/Desktop/Code/WordPress/Ytube/mysql/tmp/mysql.sock'  port: 3307  MySQL Community Server - GPL.
2019-10-03T23:11:02.799665Z 0 [System] [MY-011323] [Server] X Plugin ready for connections. Socket: '/tmp/mysqlx.sock' bind-address: '::' port: 33060
2019-10-04T00:40:25.553263Z 0 [System] [MY-010910] [Server] /home/rex/Desktop/Code/WordPress/Ytube/mysql/bin/mysqld.bin: Shutdown complete (mysqld 8.0.16)  MySQL Community Server - GPL.
2019-10-04T00:40:25.611532Z mysqld_safe mysqld from pid file /home/rex/Desktop/Code/WordPress/Ytube/mysql/data/mysqld.pid ended
